LOG OF video_importance SURVEY RESULTS

########
#GRADES#
########

RAW GRADES:
[5 5 4 5 5 5 5 4 5 4 4 4 5 5 5 5 5 5 5 5 5 5 5 5 4 4 5 5 4 5 4 5]
[2 2 3 4 2 4 3 4 3 3 3 4 4 4 3 2 4 3 3 2 2 2 4 2 1 2 4 3 1 5 3 3]
[4 3 3 4 2 5 4 4 3 4 4 4 5 4 4 4 4 2 3 5 3 2 5 3 1 4 5 4 1 5 3 3]
[5 4 4 4 5 4 5 4 3 4 2 5 5 4 4 3 4 3 4 4 4 4 4 4 4 4 2 4 4 5 4 3]
[5 4 3 2 3 3 3 5 3 3 4 4 4 2 3 3 1 2 3 1 4 2 5 3 4 4 3 4 1 3 3 3]
[2 2 3 4 5 4 5 4 3 2 4 2 4 2 3 3 1 2 2 2 4 3 5 2 4 4 5 4 1 2 2 2]
MEAN:
[4.719 2.938 3.562 3.938 3.125 3.031]
STANDARD ERROR:
[0.079 0.171 0.192 0.132 0.186 0.21 ]

STANDARDIZED GRADES:
[ 0.868  1.508  1.414  1.3    0.97   1.213  0.928 -0.447  2.236  0.894
  0.655  0.186  1.     1.342  1.789  1.768  1.166  2.03   1.768  1.166
  1.414  1.732  0.707  1.718  0.707  0.447  0.866  1.732  1.414  0.687
  1.213  2.043]
[-1.364 -1.206 -0.707  0.186 -1.213 -0.243 -1.3   -0.447 -0.447 -0.447
 -0.655  0.186 -1.     0.447 -0.894 -1.414  0.53   0.156 -0.354 -0.742
 -1.768 -0.866 -1.414 -1.093 -1.414 -2.236  0.    -1.732 -0.707  0.687
 -0.243 -0.186]
[ 0.124 -0.302 -0.707  0.186 -1.213  1.213 -0.186 -0.447 -0.447  0.894
  0.655  0.186  1.     0.447  0.447  0.707  0.53  -0.781 -0.354  1.166
 -0.707 -0.866  0.707 -0.156 -1.414  0.447  0.866  0.    -0.707  0.687
 -0.243 -0.186]
[ 0.868  0.603  1.414  0.186  0.97  -0.243  0.928 -0.447 -0.447  0.894
 -1.964  1.3    1.     0.447  0.447 -0.354  0.53   0.156  0.707  0.53
  0.354  0.866 -1.414  0.781  0.707  0.447 -1.732  0.     1.414  0.687
  1.213 -0.186]
[ 0.868  0.603 -0.707 -2.043 -0.485 -1.698 -1.3    2.236 -0.447 -0.447
  0.655  0.186 -1.    -1.342 -0.894 -0.354 -1.378 -0.781 -0.354 -1.378
  0.354 -0.866  0.707 -0.156  0.707  0.447 -0.866  0.    -0.707 -0.962
 -0.243 -0.186]
[-1.364 -1.206 -0.707  0.186  0.97  -0.243  0.928 -0.447 -0.447 -1.789
  0.655 -2.043 -1.    -1.342 -0.894 -0.354 -1.378 -0.781 -1.414 -0.742
  0.354  0.     0.707 -1.093  0.707  0.447  0.866  0.    -0.707 -1.786
 -1.698 -1.3  ]
MEAN:
[ 1.201 -0.684  0.048  0.333 -0.37  -0.529]
STANDARD ERROR:
[0.101 0.126 0.122 0.147 0.155 0.157]

#############
#VIDEO ORDER#
#############

RAW ORDERS:
[1 2 3 4 5 6]
[1 2 3 4 5 6]
[1 2 3 4 5 6]
[1 2 3 4 5 6]
[1 2 3 4 5 6]
[1 2 3 4 5 6]
[1 2 3 4 5 6]
[1 2 3 4 5 6]
[1 2 3 4 5 6]
[1 2 3 4 5 6]
[1 2 3 4 5 6]
[1 2 3 4 5 6]
[1 2 3 4 5 6]
[1 2 3 4 5 6]
[1 2 3 4 5 6]
[1 2 3 4 5 6]
[1 2 3 4 5 6]
[1 2 3 4 5 6]
[1 2 3 4 5 6]
[1 2 3 4 5 6]
[1 2 3 4 5 6]
[1 2 3 4 5 6]
[1 2 3 4 5 6]
[1 2 3 4 5 6]
[1 2 3 4 5 6]
[1 2 3 4 5 6]
[1 2 3 4 5 6]
[1 2 3 4 5 6]
[1 2 3 4 5 6]
[1 2 3 4 5 6]
[1 2 3 4 5 6]
[1 2 3 4 5 6]

#################
#VIDEO VIEW TIME#
#################

RAW TIMES:
[ 36660  32307  21956  27139  63628 208840  70449  15115  31947 127995
   4126  20551  31817  32999  23378  24253   6010  16626  19209  26327
  29187  30237 135558  26048  48999  33727  36796  25459  36487  31359
  25729  54191]
[ 8856 15947  7322  8863 12441  9855 19687  4153 11475 57964  3247 13839
  9538  8463  9797  6899  6517  2316  3314  9562 20770 52280 15369  3972
 15040 59914 17513 16907  9261 12149 13550 24812]
[11004  7319  7334  6546 10291 13532  8768  3549 11039 51123  2258 12588
  8516 22199  9591  6707  4768  2267  7084  8546 23380  9180 36787 12635
 11478 15741 11260 30111  3125  8320  8334 67946]
[ 7312 12372  2609  6558 45909 18765  7847  3721 13760 26137  2423  5990
 19848 15992  9412  6580  3790  2649 28887 12676 17480  9821 12493  5840
 10656  9787  9560 10818  6498  7816  9798 13171]
[ 6559 18749  5174  7648 11092 18093  9462  4683  7111 23725  1756  9303
  9455 12421  2981  6223  4181  1885  6660  9627 34289  9275 14982  4468
 12008  7713  9142 18251  7943  7308  9134  7874]
[ 5547 10857  4606  9070 10004 10633  8336 14073 10962 18352  1984 12694
 11281 21804  5459  6823  5901  1948  7594  8908 34671  9486 16279  4817
 10857  9605 12237  8563 11016  4671  7551  8566]
MEAN:
[42347.156 15362.25  14166.438 11780.469  9974.219 10161.094]

#################
#GRADE VIEW TIME#
#################

RAW TIMES:
[20927 19676 16275 28186 22778  7615 27579  9833  4088 19362  5399 41389
 19871 22553 20786 15152  3917  4144 18073 27137 23510  8777 16999 18225
 34542  4597 21380  4606 44954 15580 21860  3499]
[11981  5740  9674  7440 18617  5415 12594  4662  4531  9430  3313  7345
  6444 30546 13474  8115  3041  1585  5551  3435  8295 13101  3684 21152
  7159 19805 12422 12153  9885  7618 12322  5894]
[ 1958  2254  2024  3789  7266  5453 14425  4635  5621  6712  2355  4042
  2272  2376  5736  2713  2053  2723  2843 10767  5497  4224  3802  2934
 13838  2158  3439  4108  5736 15923  2712  3682]
[ 1731  3707  2536 11119 10176  6481  2587  4569 31090  5727  2915 12513
  5672  3755  2800  1953  2945  1300  2066 11303 12996 11338  7932  1990
  6816  3505 12349  3243  2748  9100  2568  3424]
[ 1705  2653  1780  3979  4369  8107  2774  5911 13728  6464  2690  7242
  8925  2357  8945  1777  2330  1984  1839  5521  2020  3647  7821  1674
 25396  2195  7410  3948  2395 32233 12606  3712]
[ 2084  2982  2967  4752  6159  5245  5568  5175  4709 11807  2558 27697
  3144  3627  4371  1931  2287  1457  1825  4148  3366  3737  4333  2783
  4431  2520  3756  3149  2825  5692  4276  3908]
MEAN:
[17914.656  9575.719  5002.188  6404.812  6254.281  4664.656]

###############
#DEVICE COUNTS#
###############

Desktop: 14
Laptop: 14
Tablet: 0
Smart phone: 3
Other device: 1

##################
#AGE GROUP COUNTS#
##################

18 - 24: 3
25 - 31: 14
32 - 38: 6
39 - 45: 6
46 - 52: 2
53 - 59: 1
60 and above: 0

################
#NETWORK COUNTS#
################

WiFi: 18
Cable network: 13
Cellular network: 1
Other: 0

###########
#REASONING#
###########

AWZPYE91AF7KU: I felt like the important parts were when he actually threw the disc and when the people marked it. The warm up and misc stuff at the end wasn't as relevant.
AV7UX8QQXABSK: the actions
AAAHLPAGDOA2U: Which ones the action happened in
A4WBW7FVQASZE: Most of them were just a small part of action and you could tell there was something before and/or after.
AFASY2VX8PADR: None
A3K2VLYC2UX2DN: none
A33AZCOKCCTUXV: the act in the video made it important and then the score at the end
ASCLZFXD9WMON: entertinment servey 
A3QU964EOJXS56: none
A16ZMJTFZNK8LI: none
A3P57IUDHUKNCE: what i saw
AMPMTF5IAAMK8: how important to the event was it
A1S9N071I5RPE9: Whether it contained the main action.
ATGD9YT82E25: I decided whether a video clip was important or not by comparing it to the overall context of the full video.
A12OZ7P7Z41SJI: When the action was at peak interest
A2AY4ZM3Y9BTYZ: none
A3HQV5UMMBN7FD: the last two were not the same. 
A220ZCMBT1YMMU: If the action matched the first clip
A2EED3HLTA96CP: Whether I wanted to see what happened next.
AJFVK3O1D7SPE: I tried to judge based on where the main action of the clip was and if I was excited to watch more.
AREQ43Q0T8ENT: None
A259BAVW85T0NT: How much it mattered to the overall video clip.
A1OX5KXDZAVQPJ: none
A19H44LQJ0TEXF: Depending on the action in the clip. If it was the main reason to watch the clip I rated it better.
APSN3KV49VLKX: final landing of disk throw on the ground rather than man throwing it
A3US4NGKXBVI48: If it was relative to who video. If you were to take out a clip, could you still know what was going on or not was my reasoning. 
A215U3DIT24TIL:  In this video, the time taken for the player to throw the plate and the speed at which he was performing, I guess Gave.
A86CAG3LG83GG: None
A3CI73EFDLS3OF: what the key point of the video was
A7GUBXCBHLX: None
A3OUPYBW02ZXDA: if i felt it was important to the context of the video.
A24RQYIDMV7OPK: none
